<?xml version="1.0" encoding="UTF-8"?>
<testng-results skipped="0" failed="0" ignored="0" total="3" passed="3">
  <reporter-output>
  </reporter-output>
  <suite name="Suite" duration-ms="120809" started-at="2020-07-24T07:09:38 IST" finished-at="2020-07-24T07:11:39 IST">
    <groups>
    </groups>
    <test name="Test" duration-ms="120809" started-at="2020-07-24T07:09:38 IST" finished-at="2020-07-24T07:11:39 IST">
      <class name="MainTCApiDemos">
        <test-method status="PASS" signature="apidemosfun(java.lang.String)[pri:0, instance:MainTCApiDemos@69b0fd6f]" name="apidemosfun" duration-ms="28359" started-at="2020-07-24T07:10:41 IST" data-provider="InputData" finished-at="2020-07-24T07:11:10 IST">
          <params>
            <param index="0">
              <value>
                <![CDATA[sam]]>
              </value>
            </param>
          </params>
          <reporter-output>
          </reporter-output>
        </test-method> <!-- apidemosfun -->
        <test-method status="PASS" signature="apidemosfun(java.lang.String)[pri:0, instance:MainTCApiDemos@69b0fd6f]" name="apidemosfun" duration-ms="28822" started-at="2020-07-24T07:11:10 IST" data-provider="InputData" finished-at="2020-07-24T07:11:39 IST">
          <params>
            <param index="0">
              <value>
                <![CDATA[saravanan]]>
              </value>
            </param>
          </params>
          <reporter-output>
          </reporter-output>
        </test-method> <!-- apidemosfun -->
      </class> <!-- MainTCApiDemos -->
      <class name="MainTC">
        <test-method status="PASS" signature="killprocess()[pri:0, instance:MainTC@462d5aee]" name="killprocess" is-config="true" duration-ms="3014" started-at="2020-07-24T07:09:38 IST" finished-at="2020-07-24T07:09:41 IST">
          <reporter-output>
          </reporter-output>
        </test-method> <!-- killprocess -->
        <test-method status="PASS" signature="sam()[pri:0, instance:MainTC@462d5aee]" name="sam" duration-ms="60539" started-at="2020-07-24T07:09:41 IST" finished-at="2020-07-24T07:10:41 IST">
          <reporter-output>
          </reporter-output>
        </test-method> <!-- sam -->
      </class> <!-- MainTC -->
    </test> <!-- Test -->
  </suite> <!-- Suite -->
</testng-results>
